#
# There is insufficient memory for the Java Runtime Environment to continue.
# Native memory allocation (mmap) failed to map 301989888 bytes for Failed to commit area from 0x00000006d5d00000 to 0x00000006e7d00000 of length 301989888.
# Possible reasons:
#   The system is out of physical RAM or swap space
#   The process is running with CompressedOops enabled, and the Java Heap may be blocking the growth of the native heap
# Possible solutions:
#   Reduce memory load on the system
#   Increase physical memory or swap space
#   Check if swap backing store is full
#   Decrease Java heap size (-Xmx/-Xms)
#   Decrease number of Java threads
#   Decrease Java thread stack sizes (-Xss)
#   Set larger code cache with -XX:ReservedCodeCacheSize=
#   JVM is running with Zero Based Compressed Oops mode in which the Java heap is
#     placed in the first 32GB address space. The Java Heap base address is the
#     maximum limit for the native heap growth. Please use -XX:HeapBaseMinAddress
#     to set the Java Heap base and to place the Java Heap above 32GB virtual address.
# This output file may be truncated or incomplete.
#
#  Out of Memory Error (t:/workspace/open/src/hotspot/os/windows/os_windows.cpp:3221), pid=17280, tid=6752
#
# JRE version: Java(TM) SE Runtime Environment (10.0.1+10) (build 10.0.1+10)
# Java VM: Java HotSpot(TM) 64-Bit Server VM (10.0.1+10, mixed mode, tiered, compressed oops, g1 gc, windows-amd64)
# No core dump will be written. Minidumps are not enabled by default on client versions of Windows
#

---------------  S U M M A R Y ------------

Command Line: -Dfile.encoding=Cp1252 TextHockey.TextHockeyDriver

Host: Intel(R) Core(TM) i5-7400 CPU @ 3.00GHz, 4 cores, 15G,  Windows 10 , 64 bit Build 18362 (10.0.18362.1110)
Time: Tue Nov 03 15:28:00 2020 Eastern Standard Time elapsed time: 2 seconds (0d 0h 0m 2s)

---------------  T H R E A D  ---------------

Current thread (0x0000020cda7ae000):  VMThread "VM Thread" [stack: 0x0000005b4bf00000,0x0000005b4c000000] [id=6752]

Stack: [0x0000005b4bf00000,0x0000005b4c000000]
[error occurred during error reporting (printing stack bounds), id 0xe0000002]

Native frames: (J=compiled Java code, j=interpreted, Vv=VM code, C=native code)
V  [jvm.dll+0x5a0369]
V  [jvm.dll+0x6bcf81]
V  [jvm.dll+0x6be176]
V  [jvm.dll+0x6be765]
V  [jvm.dll+0x6be71b]
V  [jvm.dll+0x59fb63]
V  [jvm.dll+0x59ff68]
C  [ntdll.dll+0xa121f]
C  [ntdll.dll+0x6a259]
C  [ntdll.dll+0x9fe8e]
C  0x0000020cbf0f0ead

VM_Operation (0x0000005b4b3fecf0): G1IncCollectionPause, mode: safepoint, requested by thread 0x0000020cb3d62000


---------------  P R O C E S S  ---------------

Threads class SMR info:
_java_thread_list=0x0000020cda8bbf60, length=11, elements={
0x0000020cb3d62000, 0x0000020cda7b2800, 0x0000020cda7c4800, 0x0000020cda817800,
0x0000020cda818000, 0x0000020cda81b000, 0x0000020cda81d800, 0x0000020cda829800,
0x0000020cda844800, 0x0000020cda9c9000, 0x0000020cda9cd800
}

Java Threads: ( => current thread )
  0x0000020cb3d62000 JavaThread "main" [_thread_blocked, id=14316, stack(0x0000005b4b300000,0x0000005b4b400000)]
  0x0000020cda7b2800 JavaThread "Reference Handler" daemon [_thread_blocked, id=6012, stack(0x0000005b4c000000,0x0000005b4c100000)]
  0x0000020cda7c4800 JavaThread "Finalizer" daemon [_thread_blocked, id=17064, stack(0x0000005b4c100000,0x0000005b4c200000)]
  0x0000020cda817800 JavaThread "Signal Dispatcher" daemon [_thread_blocked, id=18372, stack(0x0000005b4c200000,0x0000005b4c300000)]
  0x0000020cda818000 JavaThread "Attach Listener" daemon [_thread_blocked, id=15296, stack(0x0000005b4c300000,0x0000005b4c400000)]
  0x0000020cda81b000 JavaThread "C2 CompilerThread0" daemon [_thread_blocked, id=16896, stack(0x0000005b4c400000,0x0000005b4c500000)]
  0x0000020cda81d800 JavaThread "C2 CompilerThread1" daemon [_thread_blocked, id=17104, stack(0x0000005b4c500000,0x0000005b4c600000)]
  0x0000020cda829800 JavaThread "C1 CompilerThread2" daemon [_thread_blocked, id=6080, stack(0x0000005b4c600000,0x0000005b4c700000)]
  0x0000020cda844800 JavaThread "Sweeper thread" daemon [_thread_blocked, id=9148, stack(0x0000005b4c700000,0x0000005b4c800000)]
  0x0000020cda9c9000 JavaThread "Service Thread" daemon [_thread_blocked, id=16952, stack(0x0000005b4c800000,0x0000005b4c900000)]
  0x0000020cda9cd800 JavaThread "Common-Cleaner" daemon [_thread_blocked, id=3364, stack(0x0000005b4c900000,0x0000005b4ca00000)]

Other Threads:
=>0x0000020cda7ae000 VMThread "VM Thread" [stack: 0x0000005b4bf00000,0x0000005b4c000000] [id=6752]
  0x0000020cda9ce000 WatcherThread [stack: 0x0000005b4ca00000,0x0000005b4cb00000] [id=6888]
  0x0000020cb3d78800 GCTaskThread "GC Thread#0" [stack: 0x0000005b4b400000,0x0000005b4b500000] [id=5576]
  0x0000020cb3d7b000 GCTaskThread "GC Thread#1" [stack: 0x0000005b4b500000,0x0000005b4b600000] [id=1492]
  0x0000020cb3d7d000 GCTaskThread "GC Thread#2" [stack: 0x0000005b4b600000,0x0000005b4b700000] [id=15968]
  0x0000020cb3d83800 GCTaskThread "GC Thread#3" [stack: 0x0000005b4b700000,0x0000005b4b800000] [id=10820]
  0x0000020cd78e8000 ConcurrentGCThread "G1 Main Marker" [stack: 0x0000005b4b800000,0x0000005b4b900000] [id=5872]
  0x0000020cd78eb000 ConcurrentGCThread "G1 Conc#0" [stack: 0x0000005b4b900000,0x0000005b4ba00000] [id=4624]
  0x0000020cd79ee000 ConcurrentGCThread "G1 Refine#0" [stack: 0x0000005b4ba00000,0x0000005b4bb00000] [id=7264]
  0x0000020cd79ef000 ConcurrentGCThread "G1 Refine#1" [stack: 0x0000005b4bb00000,0x0000005b4bc00000] [id=13244]
  0x0000020cd79f0000 ConcurrentGCThread "G1 Refine#2" [stack: 0x0000005b4bc00000,0x0000005b4bd00000] [id=16940]
  0x0000020cd79f1000 ConcurrentGCThread "G1 Refine#3" [stack: 0x0000005b4bd00000,0x0000005b4be00000] [id=7600]
  0x0000020cd79f4800 ConcurrentGCThread "G1 Young RemSet Sampling" [stack: 0x0000005b4be00000,0x0000005b4bf00000] [id=11924]

Threads with active compile tasks:

VM state:at safepoint (normal execution)

VM Mutex/Monitor currently owned by a thread:  ([mutex/lock_event])
[0x0000020cb3d5d320] Threads_lock - owner thread: 0x0000020cda7ae000
[0x0000020cb3d5d680] Heap_lock - owner thread: 0x0000020cb3d62000

Heap address: 0x00000006c0600000, size: 4090 MB, Compressed Oops mode: Zero based, Oop shift amount: 3
Narrow klass base: 0x0000000000000000, Narrow klass shift: 3
Compressed class space size: 1073741824 Address: 0x00000007c0000000

Heap:
 garbage-first heap   total 646144K, used 64000K [0x00000006c0600000, 0x00000007c0000000)
  region size 1024K, 19 young (19456K), 19 survivors (19456K)
 Metaspace       used 6351K, capacity 6447K, committed 6784K, reserved 1056768K
  class space    used 515K, capacity 550K, committed 640K, reserved 1048576K
Heap Regions: E=young(eden), S=young(survivor), O=old, HS=humongous(starts), HC=humongous(continues), CS=collection set, F=free, A=archive, TS=gc time stamp, AC=allocation context, TAMS=top-at-mark-start (previous, next)
|   0|0x00000006c0600000, 0x00000006c0700000, 0x00000006c0700000|100%|HS|  |TS  0|AC  0|TAMS 0x00000006c0600000, 0x00000006c0600000|
|   1|0x00000006c0700000, 0x00000006c0800000, 0x00000006c0800000|100%|HS|  |TS  0|AC  0|TAMS 0x00000006c0700000, 0x00000006c0700000|
|   2|0x00000006c0800000, 0x00000006c0900000, 0x00000006c0900000|100%|HS|  |TS  0|AC  0|TAMS 0x00000006c0800000, 0x00000006c0800000|
|   3|0x00000006c0900000, 0x00000006c0a00000, 0x00000006c0a00000|100%| O|  |TS  5|AC  0|TAMS 0x00000006c0900000, 0x00000006c0900000|
|   4|0x00000006c0a00000, 0x00000006c0b00000, 0x00000006c0b00000|100%| O|  |TS  5|AC  0|TAMS 0x00000006c0a00000, 0x00000006c0a00000|
|   5|0x00000006c0b00000, 0x00000006c0c00000, 0x00000006c0c00000|100%| O|  |TS  5|AC  0|TAMS 0x00000006c0b00000, 0x00000006c0b00000|
|   6|0x00000006c0c00000, 0x00000006c0d00000, 0x00000006c0d00000|100%| O|  |TS  6|AC  0|TAMS 0x00000006c0c00000, 0x00000006c0c00000|
|   7|0x00000006c0d00000, 0x00000006c0e00000, 0x00000006c0e00000|100%|HS|  |TS  0|AC  0|TAMS 0x00000006c0d00000, 0x00000006c0d00000|
|   8|0x00000006c0e00000, 0x00000006c0f00000, 0x00000006c0f00000|100%| O|  |TS  6|AC  0|TAMS 0x00000006c0e00000, 0x00000006c0e00000|
|   9|0x00000006c0f00000, 0x00000006c1000000, 0x00000006c1000000|100%| O|  |TS  6|AC  0|TAMS 0x00000006c0f00000, 0x00000006c0f00000|
|  10|0x00000006c1000000, 0x00000006c1100000, 0x00000006c1100000|100%| O|  |TS  6|AC  0|TAMS 0x00000006c1000000, 0x00000006c1000000|
|  11|0x00000006c1100000, 0x00000006c1200000, 0x00000006c1200000|100%| O|  |TS  6|AC  0|TAMS 0x00000006c1100000, 0x00000006c1100000|
|  12|0x00000006c1200000, 0x00000006c1300000, 0x00000006c1300000|100%| O|  |TS  7|AC  0|TAMS 0x00000006c1200000, 0x00000006c1200000|
|  13|0x00000006c1300000, 0x00000006c1400000, 0x00000006c1400000|100%|HS|  |TS  0|AC  0|TAMS 0x00000006c1300000, 0x00000006c1300000|
|  14|0x00000006c1400000, 0x00000006c1500000, 0x00000006c1500000|100%| O|  |TS  7|AC  0|TAMS 0x00000006c1400000, 0x00000006c1400000|
|  15|0x00000006c1500000, 0x00000006c1600000, 0x00000006c1600000|100%| O|  |TS  7|AC  0|TAMS 0x00000006c1500000, 0x00000006c1500000|
|  16|0x00000006c1600000, 0x00000006c1700000, 0x00000006c1700000|100%| O|  |TS  7|AC  0|TAMS 0x00000006c1600000, 0x00000006c1600000|
|  17|0x00000006c1700000, 0x00000006c1800000, 0x00000006c1800000|100%| O|  |TS  7|AC  0|TAMS 0x00000006c1700000, 0x00000006c1700000|
|  18|0x00000006c1800000, 0x00000006c1900000, 0x00000006c1900000|100%| O|  |TS  8|AC  0|TAMS 0x00000006c1800000, 0x00000006c1800000|
|  19|0x00000006c1900000, 0x00000006c1a00000, 0x00000006c1a00000|100%|HS|  |TS  0|AC  0|TAMS 0x00000006c1900000, 0x00000006c1900000|
|  20|0x00000006c1a00000, 0x00000006c1b00000, 0x00000006c1b00000|100%| O|  |TS  8|AC  0|TAMS 0x00000006c1a00000, 0x00000006c1a00000|
|  21|0x00000006c1b00000, 0x00000006c1c00000, 0x00000006c1c00000|100%| O|  |TS  8|AC  0|TAMS 0x00000006c1b00000, 0x00000006c1b00000|
|  22|0x00000006c1c00000, 0x00000006c1d00000, 0x00000006c1d00000|100%| O|  |TS  8|AC  0|TAMS 0x00000006c1c00000, 0x00000006c1c00000|
|  23|0x00000006c1d00000, 0x00000006c1e00000, 0x00000006c1e00000|100%| O|  |TS  8|AC  0|TAMS 0x00000006c1d00000, 0x00000006c1d00000|
|  24|0x00000006c1e00000, 0x00000006c1f00000, 0x00000006c1f00000|100%| O|  |TS  9|AC  0|TAMS 0x00000006c1e00000, 0x00000006c1e00000|
|  25|0x00000006c1f00000, 0x00000006c2000000, 0x00000006c2000000|100%|HS|  |TS  0|AC  0|TAMS 0x00000006c1f00000, 0x00000006c1f00000|
|  26|0x00000006c2000000, 0x00000006c2100000, 0x00000006c2100000|100%|HS|  |TS  0|AC  0|TAMS 0x00000006c2000000, 0x00000006c2000000|
|  27|0x00000006c2100000, 0x00000006c2200000, 0x00000006c2200000|100%| O|  |TS  9|AC  0|TAMS 0x00000006c2100000, 0x00000006c2100000|
|  28|0x00000006c2200000, 0x00000006c2300000, 0x00000006c2300000|100%| O|  |TS  9|AC  0|TAMS 0x00000006c2200000, 0x00000006c2200000|
|  29|0x00000006c2300000, 0x00000006c2400000, 0x00000006c2400000|100%| O|  |TS  9|AC  0|TAMS 0x00000006c2300000, 0x00000006c2300000|
|  30|0x00000006c2400000, 0x00000006c2500000, 0x00000006c2500000|100%| O|  |TS 10|AC  0|TAMS 0x00000006c2400000, 0x00000006c2400000|
|  31|0x00000006c2500000, 0x00000006c2600000, 0x00000006c2600000|100%|HS|  |TS  0|AC  0|TAMS 0x00000006c2500000, 0x00000006c2500000|
|  32|0x00000006c2600000, 0x00000006c2700000, 0x00000006c2700000|100%| O|  |TS 10|AC  0|TAMS 0x00000006c2600000, 0x00000006c2600000|
|  33|0x00000006c2700000, 0x00000006c2800000, 0x00000006c2800000|100%| O|  |TS 10|AC  0|TAMS 0x00000006c2700000, 0x00000006c2700000|
|  34|0x00000006c2800000, 0x00000006c2900000, 0x00000006c2900000|100%| O|  |TS 10|AC  0|TAMS 0x00000006c2800000, 0x00000006c2800000|
|  35|0x00000006c2900000, 0x00000006c2a00000, 0x00000006c2a00000|100%| O|  |TS 10|AC  0|TAMS 0x00000006c2900000, 0x00000006c2900000|
|  36|0x00000006c2a00000, 0x00000006c2b00000, 0x00000006c2b00000|100%| O|  |TS 10|AC  0|TAMS 0x00000006c2a00000, 0x00000006c2a00000|
|  37|0x00000006c2b00000, 0x00000006c2c00000, 0x00000006c2c00000|100%|HS|  |TS  0|AC  0|TAMS 0x00000006c2b00000, 0x00000006c2b00000|
|  38|0x00000006c2c00000, 0x00000006c2d00000, 0x00000006c2d00000|100%| O|  |TS 11|AC  0|TAMS 0x00000006c2c00000, 0x00000006c2c00000|
|  39|0x00000006c2d00000, 0x00000006c2e00000, 0x00000006c2e00000|100%| O|  |TS 11|AC  0|TAMS 0x00000006c2d00000, 0x00000006c2d00000|
|  40|0x00000006c2e00000, 0x00000006c2f00000, 0x00000006c2f00000|100%| O|  |TS 11|AC  0|TAMS 0x00000006c2e00000, 0x00000006c2e00000|
|  41|0x00000006c2f00000, 0x00000006c3000000, 0x00000006c3000000|100%| O|  |TS 11|AC  0|TAMS 0x00000006c2f00000, 0x00000006c2f00000|
|  42|0x00000006c3000000, 0x00000006c3100000, 0x00000006c3100000|100%| O|  |TS 11|AC  0|TAMS 0x00000006c3000000, 0x00000006c3000000|
|  43|0x00000006c3100000, 0x00000006c3200000, 0x00000006c3200000|100%| O|  |TS 11|AC  0|TAMS 0x00000006c3100000, 0x00000006c3100000|
|  44|0x00000006c3200000, 0x00000006c3200000, 0x00000006c3300000|  0%| F|  |TS  0|AC  0|TAMS 0x00000006c3200000, 0x00000006c3200000|
|  45|0x00000006c3300000, 0x00000006c3300000, 0x00000006c3400000|  0%| F|  |TS  0|AC  0|TAMS 0x00000006c3300000, 0x00000006c3300000|
|  46|0x00000006c3400000, 0x00000006c3400000, 0x00000006c3500000|  0%| F|  |TS  0|AC  0|TAMS 0x00000006c3400000, 0x00000006c3400000|
|  47|0x00000006c3500000, 0x00000006c3500000, 0x00000006c3600000|  0%| F|  |TS  0|AC  0|TAMS 0x00000006c3500000, 0x00000006c3500000|
|  48|0x00000006c3600000, 0x00000006c3600000, 0x00000006c3700000|  0%| F|  |TS  0|AC  0|TAMS 0x00000006c3600000, 0x00000006c3600000|
|  49|0x00000006c3700000, 0x00000006c3700000, 0x00000006c3800000|  0%| F|  |TS  0|AC  0|TAMS 0x00000006c3700000, 0x00000006c3700000|
|  50|0x00000006c3800000, 0x00000006c3800000, 0x00000006c3900000|  0%| F|  |TS  0|AC  0|TAMS 0x00000006c3800000, 0x00000006c3800000|
|  51|0x00000006c3900000, 0x00000006c3900000, 0x00000006c3a00000|  0%| F|  |TS  0|AC  0|TAMS 0x00000006c3900000, 0x00000006c3900000|
|  52|0x00000006c3a00000, 0x00000006c3a00000, 0x00000006c3b00000|  0%| F|  |TS  0|AC  0|TAMS 0x00000006c3a00000, 0x00000006c3a00000|
|  53|0x00000006c3b00000, 0x00000006c3b00000, 0x00000006c3c00000|  0%| F|  |TS  0|AC  0|TAMS 0x00000006c3b00000, 0x00000006c3b00000|
|  54|0x00000006c3c00000, 0x00000006c3c00000, 0x00000006c3d00000|  0%| F|  |TS  0|AC  0|TAMS 0x00000006c3c00000, 0x00000006c3c00000|
|  55|0x00000006c3d00000, 0x00000006c3d00000, 0x00000006c3e00000|  0%| F|  |TS  0|AC  0|TAMS 0x00000006c3d00000, 0x00000006c3d00000|
|  56|0x00000006c3e00000, 0x00000006c3e00000, 0x00000006c3f00000|  0%| F|  |TS  0|AC  0|TAMS 0x00000006c3e00000, 0x00000006c3e00000|
|  57|0x00000006c3f00000, 0x00000006c3f00000, 0x00000006c4000000|  0%| F|  |TS  0|AC  0|TAMS 0x00000006c3f00000, 0x00000006c3f00000|
|  58|0x00000006c4000000, 0x00000006c4000000, 0x00000006c4100000|  0%| F|  |TS  0|AC  0|TAMS 0x00000006c4000000, 0x00000006c4000000|
|  59|0x00000006c4100000, 0x00000006c4100000, 0x00000006c4200000|  0%| F|  |TS  0|AC  0|TAMS 0x00000006c4100000, 0x00000006c4100000|
|  60|0x00000006c4200000, 0x00000006c4200000, 0x00000006c4300000|  0%| F|  |TS  0|AC  0|TAMS 0x00000006c4200000, 0x00000006c4200000|
|  61|0x00000006c4300000, 0x00000006c4300000, 0x00000006c4400000|  0%| F|  |TS  0|AC  0|TAMS 0x00000006c4300000, 0x00000006c4300000|
|  62|0x00000006c4400000, 0x00000006c4400000, 0x00000006c4500000|  0%| F|  |TS  0|AC  0|TAMS 0x00000006c4400000, 0x00000006c4400000|
|  63|0x00000006c4500000, 0x00000006c4500000, 0x00000006c4600000|  0%| F|  |TS  0|AC  0|TAMS 0x00000006c4500000, 0x00000006c4500000|
|  64|0x00000006c4600000, 0x00000006c4600000, 0x00000006c4700000|  0%| F|  |TS  0|AC  0|TAMS 0x00000006c4600000, 0x00000006c4600000|
|  65|0x00000006c4700000, 0x00000006c4700000, 0x00000006c4800000|  0%| F|  |TS  0|AC  0|TAMS 0x00000006c4700000, 0x00000006c4700000|
|  66|0x00000006c4800000, 0x00000006c4800000, 0x00000006c4900000|  0%| F|  |TS  0|AC  0|TAMS 0x00000006c4800000, 0x00000006c4800000|
|  67|0x00000006c4900000, 0x00000006c4900000, 0x00000006c4a00000|  0%| F|  |TS  0|AC  0|TAMS 0x00000006c4900000, 0x00000006c4900000|
|  68|0x00000006c4a00000, 0x00000006c4a00000, 0x00000006c4b00000|  0%| F|  |TS  0|AC  0|TAMS 0x00000006c4a00000, 0x00000006c4a00000|
|  69|0x00000006c4b00000, 0x00000006c4b00000, 0x00000006c4c00000|  0%| F|  |TS  0|AC  0|TAMS 0x00000006c4b00000, 0x00000006c4b00000|
|  70|0x00000006c4c00000, 0x00000006c4c00000, 0x00000006c4d00000|  0%| F|  |TS  0|AC  0|TAMS 0x00000006c4c00000, 0x00000006c4c00000|
|  71|0x00000006c4d00000, 0x00000006c4d00000, 0x00000006c4e00000|  0%| F|  |TS  0|AC  0|TAMS 0x00000006c4d00000, 0x00000006c4d00000|
|  72|0x00000006c4e00000, 0x00000006c4e00000, 0x00000006c4f00000|  0%| F|  |TS  0|AC  0|TAMS 0x00000006c4e00000, 0x00000006c4e00000|
|  73|0x00000006c4f00000, 0x00000006c4f00000, 0x00000006c5000000|  0%| F|  |TS  0|AC  0|TAMS 0x00000006c4f00000, 0x00000006c4f00000|
|  74|0x00000006c5000000, 0x00000006c5000000, 0x00000006c5100000|  0%| F|  |TS  0|AC  0|TAMS 0x00000006c5000000, 0x00000006c5000000|
|  75|0x00000006c5100000, 0x00000006c5100000, 0x00000006c5200000|  0%| F|  |TS  0|AC  0|TAMS 0x00000006c5100000, 0x00000006c5100000|
|  76|0x00000006c5200000, 0x00000006c5200000, 0x00000006c5300000|  0%| F|  |TS  0|AC  0|TAMS 0x00000006c5200000, 0x00000006c5200000|
|  77|0x00000006c5300000, 0x00000006c5300000, 0x00000006c5400000|  0%| F|  |TS  0|AC  0|TAMS 0x00000006c5300000, 0x00000006c5300000|
|  78|0x00000006c5400000, 0x00000006c5400000, 0x00000006c5500000|  0%| F|  |TS  0|AC  0|TAMS 0x00000006c5400000, 0x00000006c5400000|
|  79|0x00000006c5500000, 0x00000006c5500000, 0x00000006c5600000|  0%| F|  |TS  0|AC  0|TAMS 0x00000006c5500000, 0x00000006c5500000|
|  80|0x00000006c5600000, 0x00000006c5600000, 0x00000006c5700000|  0%| F|  |TS  0|AC  0|TAMS 0x00000006c5600000, 0x00000006c5600000|
|  81|0x00000006c5700000, 0x00000006c5700000, 0x00000006c5800000|  0%| F|  |TS  0|AC  0|TAMS 0x00000006c5700000, 0x00000006c5700000|
|  82|0x00000006c5800000, 0x00000006c5800000, 0x00000006c5900000|  0%| F|  |TS  0|AC  0|TAMS 0x00000006c5800000, 0x00000006c5800000|
|  83|0x00000006c5900000, 0x00000006c5900000, 0x00000006c5a00000|  0%| F|  |TS  0|AC  0|TAMS 0x00000006c5900000, 0x00000006c5900000|
|  84|0x00000006c5a00000, 0x00000006c5a00000, 0x00000006c5b00000|  0%| F|  |TS  0|AC  0|TAMS 0x00000006c5a00000, 0x00000006c5a00000|
|  85|0x00000006c5b00000, 0x00000006c5b00000, 0x00000006c5c00000|  0%| F|  |TS  0|AC  0|TAMS 0x00000006c5b00000, 0x00000006c5b00000|
|  86|0x00000006c5c00000, 0x00000006c5c00000, 0x00000006c5d00000|  0%| F|  |TS  0|AC  0|TAMS 0x00000006c5c00000, 0x00000006c5c00000|
|  87|0x00000006c5d00000, 0x00000006c5d00000, 0x00000006c5e00000|  0%| F|  |TS  0|AC  0|TAMS 0x00000006c5d00000, 0x00000006c5d00000|
|  88|0x00000006c5e00000, 0x00000006c5e00000, 0x00000006c5f00000|  0%| F|  |TS  8|AC  0|TAMS 0x00000006c5e00000, 0x00000006c5e00000|
|  89|0x00000006c5f00000, 0x00000006c5f00000, 0x00000006c6000000|  0%| F|  |TS  8|AC  0|TAMS 0x00000006c5f00000, 0x00000006c5f00000|
|  90|0x00000006c6000000, 0x00000006c6000000, 0x00000006c6100000|  0%| F|  |TS  7|AC  0|TAMS 0x00000006c6000000, 0x00000006c6000000|
|  91|0x00000006c6100000, 0x00000006c6100000, 0x00000006c6200000|  0%| F|  |TS  7|AC  0|TAMS 0x00000006c6100000, 0x00000006c6100000|
|  92|0x00000006c6200000, 0x00000006c6200000, 0x00000006c6300000|  0%| F|  |TS  7|AC  0|TAMS 0x00000006c6200000, 0x00000006c6200000|
|  93|0x00000006c6300000, 0x00000006c6300000, 0x00000006c6400000|  0%| F|  |TS  7|AC  0|TAMS 0x00000006c6300000, 0x00000006c6300000|
|  94|0x00000006c6400000, 0x00000006c6400000, 0x00000006c6500000|  0%| F|  |TS  8|AC  0|TAMS 0x00000006c6400000, 0x00000006c6400000|
|  95|0x00000006c6500000, 0x00000006c6500000, 0x00000006c6600000|  0%| F|  |TS  8|AC  0|TAMS 0x00000006c6500000, 0x00000006c6500000|
|  96|0x00000006c6600000, 0x00000006c6600000, 0x00000006c6700000|  0%| F|  |TS  8|AC  0|TAMS 0x00000006c6600000, 0x00000006c6600000|
|  97|0x00000006c6700000, 0x00000006c6700000, 0x00000006c6800000|  0%| F|  |TS  8|AC  0|TAMS 0x00000006c6700000, 0x00000006c6700000|
|  98|0x00000006c6800000, 0x00000006c6800000, 0x00000006c6900000|  0%| F|  |TS  7|AC  0|TAMS 0x00000006c6800000, 0x00000006c6800000|
|  99|0x00000006c6900000, 0x00000006c6900000, 0x00000006c6a00000|  0%| F|  |TS  7|AC  0|TAMS 0x00000006c6900000, 0x00000006c6900000|
| 100|0x00000006c6a00000, 0x00000006c6a00000, 0x00000006c6b00000|  0%| F|  |TS  7|AC  0|TAMS 0x00000006c6a00000, 0x00000006c6a00000|
| 101|0x00000006c6b00000, 0x00000006c6b00000, 0x00000006c6c00000|  0%| F|  |TS  7|AC  0|TAMS 0x00000006c6b00000, 0x00000006c6b00000|
| 102|0x00000006c6c00000, 0x00000006c6c00000, 0x00000006c6d00000|  0%| F|  |TS  7|AC  0|TAMS 0x00000006c6c00000, 0x00000006c6c00000|
| 103|0x00000006c6d00000, 0x00000006c6d00000, 0x00000006c6e00000|  0%| F|  |TS  8|AC  0|TAMS 0x00000006c6d00000, 0x00000006c6d00000|
| 104|0x00000006c6e00000, 0x00000006c6e00000, 0x00000006c6f00000|  0%| F|  |TS  8|AC  0|TAMS 0x00000006c6e00000, 0x00000006c6e00000|
| 105|0x00000006c6f00000, 0x00000006c6f00000, 0x00000006c7000000|  0%| F|  |TS  8|AC  0|TAMS 0x00000006c6f00000, 0x00000006c6f00000|
| 106|0x00000006c7000000, 0x00000006c7000000, 0x00000006c7100000|  0%| F|  |TS  8|AC  0|TAMS 0x00000006c7000000, 0x00000006c7000000|
| 107|0x00000006c7100000, 0x00000006c7100000, 0x00000006c7200000|  0%| F|  |TS  8|AC  0|TAMS 0x00000006c7100000, 0x00000006c7100000|
| 108|0x00000006c7200000, 0x00000006c7200000, 0x00000006c7300000|  0%| F|  |TS  7|AC  0|TAMS 0x00000006c7200000, 0x00000006c7200000|
| 109|0x00000006c7300000, 0x00000006c7300000, 0x00000006c7400000|  0%| F|  |TS  7|AC  0|TAMS 0x00000006c7300000, 0x00000006c7300000|
| 110|0x00000006c7400000, 0x00000006c7400000, 0x00000006c7500000|  0%| F|  |TS  7|AC  0|TAMS 0x00000006c7400000, 0x00000006c7400000|
| 111|0x00000006c7500000, 0x00000006c7500000, 0x00000006c7600000|  0%| F|  |TS  7|AC  0|TAMS 0x00000006c7500000, 0x00000006c7500000|
| 112|0x00000006c7600000, 0x00000006c7600000, 0x00000006c7700000|  0%| F|  |TS  8|AC  0|TAMS 0x00000006c7600000, 0x00000006c7600000|
| 113|0x00000006c7700000, 0x00000006c7700000, 0x00000006c7800000|  0%| F|  |TS  8|AC  0|TAMS 0x00000006c7700000, 0x00000006c7700000|
| 114|0x00000006c7800000, 0x00000006c7800000, 0x00000006c7900000|  0%| F|  |TS  8|AC  0|TAMS 0x00000006c7800000, 0x00000006c7800000|
| 115|0x00000006c7900000, 0x00000006c7900000, 0x00000006c7a00000|  0%| F|  |TS  8|AC  0|TAMS 0x00000006c7900000, 0x00000006c7900000|
| 116|0x00000006c7a00000, 0x00000006c7a00000, 0x00000006c7b00000|  0%| F|  |TS  7|AC  0|TAMS 0x00000006c7a00000, 0x00000006c7a00000|
| 117|0x00000006c7b00000, 0x00000006c7b00000, 0x00000006c7c00000|  0%| F|  |TS  7|AC  0|TAMS 0x00000006c7b00000, 0x00000006c7b00000|
| 118|0x00000006c7c00000, 0x00000006c7c00000, 0x00000006c7d00000|  0%| F|  |TS  7|AC  0|TAMS 0x00000006c7c00000, 0x00000006c7c00000|
| 119|0x00000006c7d00000, 0x00000006c7d00000, 0x00000006c7e00000|  0%| F|  |TS 11|AC  0|TAMS 0x00000006c7d00000, 0x00000006c7d00000|
| 120|0x00000006c7e00000, 0x00000006c7e80000, 0x00000006c7f00000| 50%| S|CS|TS 11|AC  0|TAMS 0x00000006c7e00000, 0x00000006c7e00000|
| 121|0x00000006c7f00000, 0x00000006c8000000, 0x00000006c8000000|100%| S|CS|TS 11|AC  0|TAMS 0x00000006c7f00000, 0x00000006c7f00000|
| 122|0x00000006c8000000, 0x00000006c8100000, 0x00000006c8100000|100%| S|CS|TS 11|AC  0|TAMS 0x00000006c8000000, 0x00000006c8000000|
| 123|0x00000006c8100000, 0x00000006c8200000, 0x00000006c8200000|100%| S|CS|TS 11|AC  0|TAMS 0x00000006c8100000, 0x00000006c8100000|
| 124|0x00000006c8200000, 0x00000006c8300000, 0x00000006c8300000|100%| S|CS|TS 11|AC  0|TAMS 0x00000006c8200000, 0x00000006c8200000|
| 125|0x00000006c8300000, 0x00000006c8400000, 0x00000006c8400000|100%| S|CS|TS 11|AC  0|TAMS 0x00000006c8300000, 0x00000006c8300000|
| 126|0x00000006c8400000, 0x00000006c8500000, 0x00000006c8500000|100%| S|CS|TS 11|AC  0|TAMS 0x00000006c8400000, 0x00000006c8400000|
| 127|0x00000006c8500000, 0x00000006c8600000, 0x00000006c8600000|100%| S|CS|TS 11|AC  0|TAMS 0x00000006c8500000, 0x00000006c8500000|
| 128|0x00000006c8600000, 0x00000006c8700000, 0x00000006c8700000|100%| S|CS|TS 11|AC  0|TAMS 0x00000006c8600000, 0x00000006c8600000|
| 129|0x00000006c8700000, 0x00000006c8800000, 0x00000006c8800000|100%| S|CS|TS 11|AC  0|TAMS 0x00000006c8700000, 0x00000006c8700000|
| 130|0x00000006c8800000, 0x00000006c8900000, 0x00000006c8900000|100%| S|CS|TS 11|AC  0|TAMS 0x00000006c8800000, 0x00000006c8800000|
| 131|0x00000006c8900000, 0x00000006c8a00000, 0x00000006c8a00000|100%| S|CS|TS 11|AC  0|TAMS 0x00000006c8900000, 0x00000006c8900000|
| 132|0x00000006c8a00000, 0x00000006c8b00000, 0x00000006c8b00000|100%| S|CS|TS 11|AC  0|TAMS 0x00000006c8a00000, 0x00000006c8a00000|
| 133|0x00000006c8b00000, 0x00000006c8c00000, 0x00000006c8c00000|100%| S|CS|TS 11|AC  0|TAMS 0x00000006c8b00000, 0x00000006c8b00000|
| 134|0x00000006c8c00000, 0x00000006c8d00000, 0x00000006c8d00000|100%| S|CS|TS 11|AC  0|TAMS 0x00000006c8c00000, 0x00000006c8c00000|
| 135|0x00000006c8d00000, 0x00000006c8e00000, 0x00000006c8e00000|100%| S|CS|TS 11|AC  0|TAMS 0x00000006c8d00000, 0x00000006c8d00000|
| 136|0x00000006c8e00000, 0x00000006c8f00000, 0x00000006c8f00000|100%| S|CS|TS 11|AC  0|TAMS 0x00000006c8e00000, 0x00000006c8e00000|
| 137|0x00000006c8f00000, 0x00000006c8f00000, 0x00000006c9000000|  0%| F|  |TS 11|AC  0|TAMS 0x00000006c8f00000, 0x00000006c8f00000|
| 138|0x00000006c9000000, 0x00000006c9000000, 0x00000006c9100000|  0%| F|  |TS 11|AC  0|TAMS 0x00000006c9000000, 0x00000006c9000000|
| 139|0x00000006c9100000, 0x00000006c9100000, 0x00000006c9200000|  0%| F|  |TS 11|AC  0|TAMS 0x00000006c9100000, 0x00000006c9100000|
| 140|0x00000006c9200000, 0x00000006c9200000, 0x00000006c9300000|  0%| F|  |TS 11|AC  0|TAMS 0x00000006c9200000, 0x00000006c9200000|
| 141|0x00000006c9300000, 0x00000006c9300000, 0x00000006c9400000|  0%| F|  |TS 11|AC  0|TAMS 0x00000006c9300000, 0x00000006c9300000|
| 142|0x00000006c9400000, 0x00000006c9400000, 0x00000006c9500000|  0%| F|  |TS 11|AC  0|TAMS 0x00000006c9400000, 0x00000006c9400000|
| 143|0x00000006c9500000, 0x00000006c9500000, 0x00000006c9600000|  0%| F|  |TS 11|AC  0|TAMS 0x00000006c9500000, 0x00000006c9500000|
| 144|0x00000006c9600000, 0x00000006c9600000, 0x00000006c9700000|  0%| F|  |TS 11|AC  0|TAMS 0x00000006c9600000, 0x00000006c9600000|
| 145|0x00000006c9700000, 0x00000006c9700000, 0x00000006c9800000|  0%| F|  |TS 11|AC  0|TAMS 0x00000006c9700000, 0x00000006c9700000|
| 146|0x00000006c9800000, 0x00000006c9800000, 0x00000006c9900000|  0%| F|  |TS 11|AC  0|TAMS 0x00000006c9800000, 0x00000006c9800000|
| 147|0x00000006c9900000, 0x00000006c9900000, 0x00000006c9a00000|  0%| F|  |TS 11|AC  0|TAMS 0x00000006c9900000, 0x00000006c9900000|
| 148|0x00000006c9a00000, 0x00000006c9a00000, 0x00000006c9b00000|  0%| F|  |TS 11|AC  0|TAMS 0x00000006c9a00000, 0x00000006c9a00000|
| 149|0x00000006c9b00000, 0x00000006c9b00000, 0x00000006c9c00000|  0%| F|  |TS 11|AC  0|TAMS 0x00000006c9b00000, 0x00000006c9b00000|
| 150|0x00000006c9c00000, 0x00000006c9c00000, 0x00000006c9d00000|  0%| F|  |TS 11|AC  0|TAMS 0x00000006c9c00000, 0x00000006c9c00000|
| 151|0x00000006c9d00000, 0x00000006c9d00000, 0x00000006c9e00000|  0%| F|  |TS 11|AC  0|TAMS 0x00000006c9d00000, 0x00000006c9d00000|
| 152|0x00000006c9e00000, 0x00000006c9e00000, 0x00000006c9f00000|  0%| F|  |TS 11|AC  0|TAMS 0x00000006c9e00000, 0x00000006c9e00000|
| 153|0x00000006c9f00000, 0x00000006ca000000, 0x00000006ca000000|100%| S|CS|TS 11|AC  0|TAMS 0x00000006c9f00000, 0x00000006c9f00000|
| 154|0x00000006ca000000, 0x00000006ca000000, 0x00000006ca100000|  0%| F|  |TS 11|AC  0|TAMS 0x00000006ca000000, 0x00000006ca000000|
| 155|0x00000006ca100000, 0x00000006ca100000, 0x00000006ca200000|  0%| F|  |TS 11|AC  0|TAMS 0x00000006ca100000, 0x00000006ca100000|
| 156|0x00000006ca200000, 0x00000006ca300000, 0x00000006ca300000|100%| S|CS|TS 11|AC  0|TAMS 0x00000006ca200000, 0x00000006ca200000|
| 157|0x00000006ca300000, 0x00000006ca300000, 0x00000006ca400000|  0%| F|  |TS 11|AC  0|TAMS 0x00000006ca300000, 0x00000006ca300000|
| 158|0x00000006ca400000, 0x00000006ca400000, 0x00000006ca500000|  0%| F|  |TS 11|AC  0|TAMS 0x00000006ca400000, 0x00000006ca400000|
| 159|0x00000006ca500000, 0x00000006ca500000, 0x00000006ca600000|  0%| F|  |TS 11|AC  0|TAMS 0x00000006ca500000, 0x00000006ca500000|
| 160|0x00000006ca600000, 0x00000006ca600000, 0x00000006ca700000|  0%| F|  |TS 11|AC  0|TAMS 0x00000006ca600000, 0x00000006ca600000|
| 161|0x00000006ca700000, 0x00000006ca700000, 0x00000006ca800000|  0%| F|  |TS 11|AC  0|TAMS 0x00000006ca700000, 0x00000006ca700000|
| 162|0x00000006ca800000, 0x00000006ca800000, 0x00000006ca900000|  0%| F|  |TS 11|AC  0|TAMS 0x00000006ca800000, 0x00000006ca800000|
| 163|0x00000006ca900000, 0x00000006ca900000, 0x00000006caa00000|  0%| F|  |TS 11|AC  0|TAMS 0x00000006ca900000, 0x00000006ca900000|
| 164|0x00000006caa00000, 0x00000006caa00000, 0x00000006cab00000|  0%| F|  |TS 11|AC  0|TAMS 0x00000006caa00000, 0x00000006caa00000|
| 165|0x00000006cab00000, 0x00000006cab00000, 0x00000006cac00000|  0%| F|  |TS 11|AC  0|TAMS 0x00000006cab00000, 0x00000006cab00000|
| 166|0x00000006cac00000, 0x00000006cac00000, 0x00000006cad00000|  0%| F|  |TS 11|AC  0|TAMS 0x00000006cac00000, 0x00000006cac00000|
| 167|0x00000006cad00000, 0x00000006cad00000, 0x00000006cae00000|  0%| F|  |TS 11|AC  0|TAMS 0x00000006cad00000, 0x00000006cad00000|
| 168|0x00000006cae00000, 0x00000006cae00000, 0x00000006caf00000|  0%| F|  |TS 11|AC  0|TAMS 0x00000006cae00000, 0x00000006cae00000|
| 169|0x00000006caf00000, 0x00000006caf00000, 0x00000006cb000000|  0%| F|  |TS 11|AC  0|TAMS 0x00000006caf00000, 0x00000006caf00000|
| 170|0x00000006cb000000, 0x00000006cb000000, 0x00000006cb100000|  0%| F|  |TS 11|AC  0|TAMS 0x00000006cb000000, 0x00000006cb000000|
| 171|0x00000006cb100000, 0x00000006cb100000, 0x00000006cb200000|  0%| F|  |TS 11|AC  0|TAMS 0x00000006cb100000, 0x00000006cb100000|
| 172|0x00000006cb200000, 0x00000006cb200000, 0x00000006cb300000|  0%| F|  |TS 11|AC  0|TAMS 0x00000006cb200000, 0x00000006cb200000|
| 173|0x00000006cb300000, 0x00000006cb300000, 0x00000006cb400000|  0%| F|  |TS 11|AC  0|TAMS 0x00000006cb300000, 0x00000006cb300000|
| 174|0x00000006cb400000, 0x00000006cb400000, 0x00000006cb500000|  0%| F|  |TS 11|AC  0|TAMS 0x00000006cb400000, 0x00000006cb400000|
| 175|0x00000006cb500000, 0x00000006cb500000, 0x00000006cb600000|  0%| F|  |TS 11|AC  0|TAMS 0x00000006cb500000, 0x00000006cb500000|
| 176|0x00000006cb600000, 0x00000006cb600000, 0x00000006cb700000|  0%| F|  |TS 11|AC  0|TAMS 0x00000006cb600000, 0x00000006cb600000|
| 177|0x00000006cb700000, 0x00000006cb700000, 0x00000006cb800000|  0%| F|  |TS 11|AC  0|TAMS 0x00000006cb700000, 0x00000006cb700000|
| 178|0x00000006cb800000, 0x00000006cb800000, 0x00000006cb900000|  0%| F|  |TS 11|AC  0|TAMS 0x00000006cb800000, 0x00000006cb800000|
| 179|0x00000006cb900000, 0x00000006cb900000, 0x00000006cba00000|  0%| F|  |TS 11|AC  0|TAMS 0x00000006cb900000, 0x00000006cb900000|
| 180|0x00000006cba00000, 0x00000006cba00000, 0x00000006cbb00000|  0%| F|  |TS 11|AC  0|TAMS 0x00000006cba00000, 0x00000006cba00000|
| 181|0x00000006cbb00000, 0x00000006cbb00000, 0x00000006cbc00000|  0%| F|  |TS 11|AC  0|TAMS 0x00000006cbb00000, 0x00000006cbb00000|
| 182|0x00000006cbc00000, 0x00000006cbc00000, 0x00000006cbd00000|  0%| F|  |TS 11|AC  0|TAMS 0x00000006cbc00000, 0x00000006cbc00000|
| 183|0x00000006cbd00000, 0x00000006cbd00000, 0x00000006cbe00000|  0%| F|  |TS 11|AC  0|TAMS 0x00000006cbd00000, 0x00000006cbd00000|
| 184|0x00000006cbe00000, 0x00000006cbe00000, 0x00000006cbf00000|  0%| F|  |TS 11|AC  0|TAMS 0x00000006cbe00000, 0x00000006cbe00000|
| 185|0x00000006cbf00000, 0x00000006cbf00000, 0x00000006cc000000|  0%| F|  |TS 11|AC  0|TAMS 0x00000006cbf00000, 0x00000006cbf00000|
| 186|0x00000006cc000000, 0x00000006cc000000, 0x00000006cc100000|  0%| F|  |TS 11|AC  0|TAMS 0x00000006cc000000, 0x00000006cc000000|
| 187|0x00000006cc100000, 0x00000006cc100000, 0x00000006cc200000|  0%| F|  |TS 11|AC  0|TAMS 0x00000006cc100000, 0x00000006cc100000|
| 188|0x00000006cc200000, 0x00000006cc200000, 0x00000006cc300000|  0%| F|  |TS 11|AC  0|TAMS 0x00000006cc200000, 0x00000006cc200000|
| 189|0x00000006cc300000, 0x00000006cc300000, 0x00000006cc400000|  0%| F|  |TS 11|AC  0|TAMS 0x00000006cc300000, 0x00000006cc300000|
| 190|0x00000006cc400000, 0x00000006cc400000, 0x00000006cc500000|  0%| F|  |TS 11|AC  0|TAMS 0x00000006cc400000, 0x00000006cc400000|
| 191|0x00000006cc500000, 0x00000006cc500000, 0x00000006cc600000|  0%| F|  |TS 11|AC  0|TAMS 0x00000006cc500000, 0x00000006cc500000|
| 192|0x00000006cc600000, 0x00000006cc600000, 0x00000006cc700000|  0%| F|  |TS 11|AC  0|TAMS 0x00000006cc600000, 0x00000006cc600000|
| 193|0x00000006cc700000, 0x00000006cc700000, 0x00000006cc800000|  0%| F|  |TS 11|AC  0|TAMS 0x00000006cc700000, 0x00000006cc700000|
| 194|0x00000006cc800000, 0x00000006cc800000, 0x00000006cc900000|  0%| F|  |TS 11|AC  0|TAMS 0x00000006cc800000, 0x00000006cc800000|
| 195|0x00000006cc900000, 0x00000006cc900000, 0x00000006cca00000|  0%| F|  |TS 11|AC  0|TAMS 0x00000006cc900000, 0x00000006cc900000|
| 196|0x00000006cca00000, 0x00000006cca00000, 0x00000006ccb00000|  0%| F|  |TS 11|AC  0|TAMS 0x00000006cca00000, 0x00000006cca00000|
| 197|0x00000006ccb00000, 0x00000006ccb00000, 0x00000006ccc00000|  0%| F|  |TS 11|AC  0|TAMS 0x00000006ccb00000, 0x00000006ccb00000|
| 198|0x00000006ccc00000, 0x00000006ccc00000, 0x00000006ccd00000|  0%| F|  |TS 11|AC  0|TAMS 0x00000006ccc00000, 0x00000006ccc00000|
| 199|0x00000006ccd00000, 0x00000006ccd00000, 0x00000006cce00000|  0%| F|  |TS 11|AC  0|TAMS 0x00000006ccd00000, 0x00000006ccd00000|
| 200|0x00000006cce00000, 0x00000006cce00000, 0x00000006ccf00000|  0%| F|  |TS 11|AC  0|TAMS 0x00000006cce00000, 0x00000006cce00000|
| 201|0x00000006ccf00000, 0x00000006ccf00000, 0x00000006cd000000|  0%| F|  |TS 11|AC  0|TAMS 0x00000006ccf00000, 0x00000006ccf00000|
| 202|0x00000006cd000000, 0x00000006cd000000, 0x00000006cd100000|  0%| F|  |TS 11|AC  0|TAMS 0x00000006cd000000, 0x00000006cd000000|
| 203|0x00000006cd100000, 0x00000006cd100000, 0x00000006cd200000|  0%| F|  |TS 11|AC  0|TAMS 0x00000006cd100000, 0x00000006cd100000|
| 204|0x00000006cd200000, 0x00000006cd200000, 0x00000006cd300000|  0%| F|  |TS 11|AC  0|TAMS 0x00000006cd200000, 0x00000006cd200000|
| 205|0x00000006cd300000, 0x00000006cd300000, 0x00000006cd400000|  0%| F|  |TS 11|AC  0|TAMS 0x00000006cd300000, 0x00000006cd300000|
| 206|0x00000006cd400000, 0x00000006cd400000, 0x00000006cd500000|  0%| F|  |TS 11|AC  0|TAMS 0x00000006cd400000, 0x00000006cd400000|
| 207|0x00000006cd500000, 0x00000006cd500000, 0x00000006cd600000|  0%| F|  |TS 11|AC  0|TAMS 0x00000006cd500000, 0x00000006cd500000|
| 208|0x00000006cd600000, 0x00000006cd600000, 0x00000006cd700000|  0%| F|  |TS 11|AC  0|TAMS 0x00000006cd600000, 0x00000006cd600000|
| 209|0x00000006cd700000, 0x00000006cd700000, 0x00000006cd800000|  0%| F|  |TS 11|AC  0|TAMS 0x00000006cd700000, 0x00000006cd700000|
| 210|0x00000006cd800000, 0x00000006cd800000, 0x00000006cd900000|  0%| F|  |TS 11|AC  0|TAMS 0x00000006cd800000, 0x00000006cd800000|
| 211|0x00000006cd900000, 0x00000006cd900000, 0x00000006cda00000|  0%| F|  |TS 11|AC  0|TAMS 0x00000006cd900000, 0x00000006cd900000|
| 212|0x00000006cda00000, 0x00000006cda00000, 0x00000006cdb00000|  0%| F|  |TS 11|AC  0|TAMS 0x00000006cda00000, 0x00000006cda00000|
| 213|0x00000006cdb00000, 0x00000006cdb00000, 0x00000006cdc00000|  0%| F|  |TS 11|AC  0|TAMS 0x00000006cdb00000, 0x00000006cdb00000|
| 214|0x00000006cdc00000, 0x00000006cdc00000, 0x00000006cdd00000|  0%| F|  |TS 11|AC  0|TAMS 0x00000006cdc00000, 0x00000006cdc00000|
| 215|0x00000006cdd00000, 0x00000006cdd00000, 0x00000006cde00000|  0%| F|  |TS 11|AC  0|TAMS 0x00000006cdd00000, 0x00000006cdd00000|
| 216|0x00000006cde00000, 0x00000006cde00000, 0x00000006cdf00000|  0%| F|  |TS 11|AC  0|TAMS 0x00000006cde00000, 0x00000006cde00000|
| 217|0x00000006cdf00000, 0x00000006cdf00000, 0x00000006ce000000|  0%| F|  |TS 11|AC  0|TAMS 0x00000006cdf00000, 0x00000006cdf00000|
| 218|0x00000006ce000000, 0x00000006ce000000, 0x00000006ce100000|  0%| F|  |TS 11|AC  0|TAMS 0x00000006ce000000, 0x00000006ce000000|
| 219|0x00000006ce100000, 0x00000006ce100000, 0x00000006ce200000|  0%| F|  |TS 11|AC  0|TAMS 0x00000006ce100000, 0x00000006ce100000|
| 220|0x00000006ce200000, 0x00000006ce200000, 0x00000006ce300000|  0%| F|  |TS 11|AC  0|TAMS 0x00000006ce200000, 0x00000006ce200000|
| 221|0x00000006ce300000, 0x00000006ce300000, 0x00000006ce400000|  0%| F|  |TS 11|AC  0|TAMS 0x00000006ce300000, 0x00000006ce300000|
| 222|0x00000006ce400000, 0x00000006ce400000, 0x00000006ce500000|  0%| F|  |TS 11|AC  0|TAMS 0x00000006ce400000, 0x00000006ce400000|
| 223|0x00000006ce500000, 0x00000006ce500000, 0x00000006ce600000|  0%| F|  |TS 11|AC  0|TAMS 0x00000006ce500000, 0x00000006ce500000|
| 224|0x00000006ce600000, 0x00000006ce600000, 0x00000006ce700000|  0%| F|  |TS 11|AC  0|TAMS 0x00000006ce600000, 0x00000006ce600000|
| 225|0x00000006ce700000, 0x00000006ce700000, 0x00000006ce800000|  0%| F|  |TS 11|AC  0|TAMS 0x00000006ce700000, 0x00000006ce700000|
| 226|0x00000006ce800000, 0x00000006ce800000, 0x00000006ce900000|  0%| F|  |TS 11|AC  0|TAMS 0x00000006ce800000, 0x00000006ce800000|
| 227|0x00000006ce900000, 0x00000006ce900000, 0x00000006cea00000|  0%| F|  |TS 11|AC  0|TAMS 0x00000006ce900000, 0x00000006ce900000|
| 228|0x00000006cea00000, 0x00000006cea00000, 0x00000006ceb00000|  0%| F|  |TS 11|AC  0|TAMS 0x00000006cea00000, 0x00000006cea00000|
| 229|0x00000006ceb00000, 0x00000006ceb00000, 0x00000006cec00000|  0%| F|  |TS 11|AC  0|TAMS 0x00000006ceb00000, 0x00000006ceb00000|
| 230|0x00000006cec00000, 0x00000006cec00000, 0x00000006ced00000|  0%| F|  |TS 11|AC  0|TAMS 0x00000006cec00000, 0x00000006cec00000|
| 231|0x00000006ced00000, 0x00000006ced00000, 0x00000006cee00000|  0%| F|  |TS 11|AC  0|TAMS 0x00000006ced00000, 0x00000006ced00000|
| 232|0x00000006cee00000, 0x00000006cee00000, 0x00000006cef00000|  0%| F|  |TS 11|AC  0|TAMS 0x00000006cee00000, 0x00000006cee00000|
| 233|0x00000006cef00000, 0x00000006cef00000, 0x00000006cf000000|  0%| F|  |TS 11|AC  0|TAMS 0x00000006cef00000, 0x00000006cef00000|
| 234|0x00000006cf000000, 0x00000006cf000000, 0x00000006cf100000|  0%| F|  |TS 11|AC  0|TAMS 0x00000006cf000000, 0x00000006cf000000|
| 235|0x00000006cf100000, 0x00000006cf100000, 0x00000006cf200000|  0%| F|  |TS 11|AC  0|TAMS 0x00000006cf100000, 0x00000006cf100000|
| 236|0x00000006cf200000, 0x00000006cf200000, 0x00000006cf300000|  0%| F|  |TS 11|AC  0|TAMS 0x00000006cf200000, 0x00000006cf200000|
| 237|0x00000006cf300000, 0x00000006cf300000, 0x00000006cf400000|  0%| F|  |TS 11|AC  0|TAMS 0x00000006cf300000, 0x00000006cf300000|
| 238|0x00000006cf400000, 0x00000006cf400000, 0x00000006cf500000|  0%| F|  |TS 11|AC  0|TAMS 0x00000006cf400000, 0x00000006cf400000|
| 239|0x00000006cf500000, 0x00000006cf500000, 0x00000006cf600000|  0%| F|  |TS 11|AC  0|TAMS 0x00000006cf500000, 0x00000006cf500000|
| 240|0x00000006cf600000, 0x00000006cf600000, 0x00000006cf700000|  0%| F|  |TS 11|AC  0|TAMS 0x00000006cf600000, 0x00000006cf600000|
| 241|0x00000006cf700000, 0x00000006cf700000, 0x00000006cf800000|  0%| F|  |TS 11|AC  0|TAMS 0x00000006cf700000, 0x00000006cf700000|
| 242|0x00000006cf800000, 0x00000006cf800000, 0x00000006cf900000|  0%| F|  |TS 11|AC  0|TAMS 0x00000006cf800000, 0x00000006cf800000|
| 243|0x00000006cf900000, 0x00000006cf900000, 0x00000006cfa00000|  0%| F|  |TS 11|AC  0|TAMS 0x00000006cf900000, 0x00000006cf900000|
| 244|0x00000006cfa00000, 0x00000006cfa00000, 0x00000006cfb00000|  0%| F|  |TS 11|AC  0|TAMS 0x00000006cfa00000, 0x00000006cfa00000|
| 245|0x00000006cfb00000, 0x00000006cfb00000, 0x00000006cfc00000|  0%| F|  |TS 11|AC  0|TAMS 0x00000006cfb00000, 0x00000006cfb00000|
| 246|0x00000006cfc00000, 0x00000006cfc00000, 0x00000006cfd00000|  0%| F|  |TS 11|AC  0|TAMS 0x00000006cfc00000, 0x00000006cfc00000|
| 247|0x00000006cfd00000, 0x00000006cfd00000, 0x00000006cfe00000|  0%| F|  |TS 11|AC  0|TAMS 0x00000006cfd00000, 0x00000006cfd00000|
| 248|0x00000006cfe00000, 0x00000006cfe00000, 0x00000006cff00000|  0%| F|  |TS 11|AC  0|TAMS 0x00000006cfe00000, 0x00000006cfe00000|
| 249|0x00000006cff00000, 0x00000006cff00000, 0x00000006d0000000|  0%| F|  |TS 11|AC  0|TAMS 0x00000006cff00000, 0x00000006cff00000|
| 250|0x00000006d0000000, 0x00000006d0000000, 0x00000006d0100000|  0%| F|  |TS 11|AC  0|TAMS 0x00000006d0000000, 0x00000006d0000000|
| 251|0x00000006d0100000, 0x00000006d0100000, 0x00000006d0200000|  0%| F|  |TS 11|AC  0|TAMS 0x00000006d0100000, 0x00000006d0100000|
| 252|0x00000006d0200000, 0x00000006d0200000, 0x00000006d0300000|  0%| F|  |TS 11|AC  0|TAMS 0x00000006d0200000, 0x00000006d0200000|
| 253|0x00000006d0300000, 0x00000006d0300000, 0x00000006d0400000|  0%| F|  |TS 11|AC  0|TAMS 0x00000006d0300000, 0x00000006d0300000|
| 254|0x00000006d0400000, 0x00000006d0400000, 0x00000006d0500000|  0%| F|  |TS 11|AC  0|TAMS 0x00000006d0400000, 0x00000006d0400000|
| 255|0x00000006d0500000, 0x00000006d0500000, 0x00000006d0600000|  0%| F|  |TS 11|AC  0|TAMS 0x00000006d0500000, 0x00000006d0500000|
| 256|0x00000006d0600000, 0x00000006d0600000, 0x00000006d0700000|  0%| F|  |TS 11|AC  0|TAMS 0x00000006d0600000, 0x00000006d0600000|
| 257|0x00000006d0700000, 0x00000006d0700000, 0x00000006d0800000|  0%| F|  |TS 11|AC  0|TAMS 0x00000006d0700000, 0x00000006d0700000|
| 258|0x00000006d0800000, 0x00000006d0800000, 0x00000006d0900000|  0%| F|  |TS 11|AC  0|TAMS 0x00000006d0800000, 0x00000006d0800000|
| 259|0x00000006d0900000, 0x00000006d0900000, 0x00000006d0a00000|  0%| F|  |TS 11|AC  0|TAMS 0x00000006d0900000, 0x00000006d0900000|
| 260|0x00000006d0a00000, 0x00000006d0a00000, 0x00000006d0b00000|  0%| F|  |TS 11|AC  0|TAMS 0x00000006d0a00000, 0x00000006d0a00000|
| 261|0x00000006d0b00000, 0x00000006d0b00000, 0x00000006d0c00000|  0%| F|  |TS 11|AC  0|TAMS 0x00000006d0b00000, 0x00000006d0b00000|
| 262|0x00000006d0c00000, 0x00000006d0c00000, 0x00000006d0d00000|  0%| F|  |TS 11|AC  0|TAMS 0x00000006d0c00000, 0x00000006d0c00000|
| 263|0x00000006d0d00000, 0x00000006d0d00000, 0x00000006d0e00000|  0%| F|  |TS 11|AC  0|TAMS 0x00000006d0d00000, 0x00000006d0d00000|
| 264|0x00000006d0e00000, 0x00000006d0e00000, 0x00000006d0f00000|  0%| F|  |TS 11|AC  0|TAMS 0x00000006d0e00000, 0x00000006d0e00000|
| 265|0x00000006d0f00000, 0x00000006d0f00000, 0x00000006d1000000|  0%| F|  |TS 11|AC  0|TAMS 0x00000006d0f00000, 0x00000006d0f00000|
| 266|0x00000006d1000000, 0x00000006d1000000, 0x00000006d1100000|  0%| F|  |TS 11|AC  0|TAMS 0x00000006d1000000, 0x00000006d1000000|
| 267|0x00000006d1100000, 0x00000006d1100000, 0x00000006d1200000|  0%| F|  |TS 11|AC  0|TAMS 0x00000006d1100000, 0x00000006d1100000|
| 268|0x00000006d1200000, 0x00000006d1200000, 0x00000006d1300000|  0%| F|  |TS 11|AC  0|TAMS 0x00000006d1200000, 0x00000006d1200000|
| 269|0x00000006d1300000, 0x00000006d1300000, 0x00000006d1400000|  0%| F|  |TS 11|AC  0|TAMS 0x00000006d1300000, 0x00000006d1300000|
| 270|0x00000006d1400000, 0x00000006d1400000, 0x00000006d1500000|  0%| F|  |TS 11|AC  0|TAMS 0x00000006d1400000, 0x00000006d1400000|
| 271|0x00000006d1500000, 0x00000006d1500000, 0x00000006d1600000|  0%| F|  |TS 11|AC  0|TAMS 0x00000006d1500000, 0x00000006d1500000|
| 272|0x00000006d1600000, 0x00000006d1600000, 0x00000006d1700000|  0%| F|  |TS 11|AC  0|TAMS 0x00000006d1600000, 0x00000006d1600000|
| 273|0x00000006d1700000, 0x00000006d1700000, 0x00000006d1800000|  0%| F|  |TS 11|AC  0|TAMS 0x00000006d1700000, 0x00000006d1700000|
| 274|0x00000006d1800000, 0x00000006d1800000, 0x00000006d1900000|  0%| F|  |TS 11|AC  0|TAMS 0x00000006d1800000, 0x00000006d1800000|
| 275|0x00000006d1900000, 0x00000006d1900000, 0x00000006d1a00000|  0%| F|  |TS 11|AC  0|TAMS 0x00000006d1900000, 0x00000006d1900000|
| 276|0x00000006d1a00000, 0x00000006d1a00000, 0x00000006d1b00000|  0%| F|  |TS 11|AC  0|TAMS 0x00000006d1a00000, 0x00000006d1a00000|
| 277|0x00000006d1b00000, 0x00000006d1b00000, 0x00000006d1c00000|  0%| F|  |TS 11|AC  0|TAMS 0x00000006d1b00000, 0x00000006d1b00000|
| 278|0x00000006d1c00000, 0x00000006d1c00000, 0x00000006d1d00000|  0%| F|  |TS 11|AC  0|TAMS 0x00000006d1c00000, 0x00000006d1c00000|
| 279|0x00000006d1d00000, 0x00000006d1d00000, 0x00000006d1e00000|  0%| F|  |TS 11|AC  0|TAMS 0x00000006d1d00000, 0x00000006d1d00000|
| 280|0x00000006d1e00000, 0x00000006d1e00000, 0x00000006d1f00000|  0%| F|  |TS 11|AC  0|TAMS 0x00000006d1e00000, 0x00000006d1e00000|
| 281|0x00000006d1f00000, 0x00000006d1f00000, 0x00000006d2000000|  0%| F|  |TS 11|AC  0|TAMS 0x00000006d1f00000, 0x00000006d1f00000|
| 282|0x00000006d2000000, 0x00000006d2000000, 0x00000006d2100000|  0%| F|  |TS 11|AC  0|TAMS 0x00000006d2000000, 0x00000006d2000000|
| 283|0x00000006d2100000, 0x00000006d2100000, 0x00000006d2200000|  0%| F|  |TS 11|AC  0|TAMS 0x00000006d2100000, 0x00000006d2100000|
| 284|0x00000006d2200000, 0x00000006d2200000, 0x00000006d2300000|  0%| F|  |TS 11|AC  0|TAMS 0x00000006d2200000, 0x00000006d2200000|
| 285|0x00000006d2300000, 0x00000006d2300000, 0x00000006d2400000|  0%| F|  |TS 11|AC  0|TAMS 0x00000006d2300000, 0x00000006d2300000|
| 286|0x00000006d2400000, 0x00000006d2400000, 0x00000006d2500000|  0%| F|  |TS 11|AC  0|TAMS 0x00000006d2400000, 0x00000006d2400000|
| 287|0x00000006d2500000, 0x00000006d2500000, 0x00000006d2600000|  0%| F|  |TS 11|AC  0|TAMS 0x00000006d2500000, 0x00000006d2500000|
| 288|0x00000006d2600000, 0x00000006d2600000, 0x00000006d2700000|  0%| F|  |TS 11|AC  0|TAMS 0x00000006d2600000, 0x00000006d2600000|
| 289|0x00000006d2700000, 0x00000006d2700000, 0x00000006d2800000|  0%| F|  |TS 11|AC  0|TAMS 0x00000006d2700000, 0x00000006d2700000|
| 290|0x00000006d2800000, 0x00000006d2800000, 0x00000006d2900000|  0%| F|  |TS 11|AC  0|TAMS 0x00000006d2800000, 0x00000006d2800000|
| 291|0x00000006d2900000, 0x00000006d2900000, 0x00000006d2a00000|  0%| F|  |TS 11|AC  0|TAMS 0x00000006d2900000, 0x00000006d2900000|
| 292|0x00000006d2a00000, 0x00000006d2a00000, 0x00000006d2b00000|  0%| F|  |TS 11|AC  0|TAMS 0x00000006d2a00000, 0x00000006d2a00000|
| 293|0x00000006d2b00000, 0x00000006d2b00000, 0x00000006d2c00000|  0%| F|  |TS 11|AC  0|TAMS 0x00000006d2b00000, 0x00000006d2b00000|
| 294|0x00000006d2c00000, 0x00000006d2c00000, 0x00000006d2d00000|  0%| F|  |TS 11|AC  0|TAMS 0x00000006d2c00000, 0x00000006d2c00000|
| 295|0x00000006d2d00000, 0x00000006d2d00000, 0x00000006d2e00000|  0%| F|  |TS 11|AC  0|TAMS 0x00000006d2d00000, 0x00000006d2d00000|
| 296|0x00000006d2e00000, 0x00000006d2e00000, 0x00000006d2f00000|  0%| F|  |TS 11|AC  0|TAMS 0x00000006d2e00000, 0x00000006d2e00000|
| 297|0x00000006d2f00000, 0x00000006d2f00000, 0x00000006d3000000|  0%| F|  |TS 11|AC  0|TAMS 0x00000006d2f00000, 0x00000006d2f00000|
| 298|0x00000006d3000000, 0x00000006d3000000, 0x00000006d3100000|  0%| F|  |TS 11|AC  0|TAMS 0x00000006d3000000, 0x00000006d3000000|
| 299|0x00000006d3100000, 0x00000006d3100000, 0x00000006d3200000|  0%| F|  |TS 11|AC  0|TAMS 0x00000006d3100000, 0x00000006d3100000|
| 300|0x00000006d3200000, 0x00000006d3200000, 0x00000006d3300000|  0%| F|  |TS 11|AC  0|TAMS 0x00000006d3200000, 0x00000006d3200000|
| 301|0x00000006d3300000, 0x00000006d3300000, 0x00000006d3400000|  0%| F|  |TS 11|AC  0|TAMS 0x00000006d3300000, 0x00000006d3300000|
| 302|0x00000006d3400000, 0x00000006d3400000, 0x00000006d3500000|  0%| F|  |TS 11|AC  0|TAMS 0x00000006d3400000, 0x00000006d3400000|
| 303|0x00000006d3500000, 0x00000006d3500000, 0x00000006d3600000|  0%| F|  |TS 11|AC  0|TAMS 0x00000006d3500000, 0x00000006d3500000|
| 304|0x00000006d3600000, 0x00000006d3600000, 0x00000006d3700000|  0%| F|  |TS 11|AC  0|TAMS 0x00000006d3600000, 0x00000006d3600000|
| 305|0x00000006d3700000, 0x00000006d3700000, 0x00000006d3800000|  0%| F|  |TS 11|AC  0|TAMS 0x00000006d3700000, 0x00000006d3700000|
| 306|0x00000006d3800000, 0x00000006d3800000, 0x00000006d3900000|  0%| F|  |TS 11|AC  0|TAMS 0x00000006d3800000, 0x00000006d3800000|
| 307|0x00000006d3900000, 0x00000006d3900000, 0x00000006d3a00000|  0%| F|  |TS 11|AC  0|TAMS 0x00000006d3900000, 0x00000006d3900000|
| 308|0x00000006d3a00000, 0x00000006d3a00000, 0x00000006d3b00000|  0%| F|  |TS 11|AC  0|TAMS 0x00000006d3a00000, 0x00000006d3a00000|
| 309|0x00000006d3b00000, 0x00000006d3b00000, 0x00000006d3c00000|  0%| F|  |TS 11|AC  0|TAMS 0x00000006d3b00000, 0x00000006d3b00000|
| 310|0x00000006d3c00000, 0x00000006d3c00000, 0x00000006d3d00000|  0%| F|  |TS 11|AC  0|TAMS 0x00000006d3c00000, 0x00000006d3c00000|
| 311|0x00000006d3d00000, 0x00000006d3d00000, 0x00000006d3e00000|  0%| F|  |TS 11|AC  0|TAMS 0x00000006d3d00000, 0x00000006d3d00000|
| 312|0x00000006d3e00000, 0x00000006d3e00000, 0x00000006d3f00000|  0%| F|  |TS 11|AC  0|TAMS 0x00000006d3e00000, 0x00000006d3e00000|
| 313|0x00000006d3f00000, 0x00000006d3f00000, 0x00000006d4000000|  0%| F|  |TS 11|AC  0|TAMS 0x00000006d3f00000, 0x00000006d3f00000|
| 314|0x00000006d4000000, 0x00000006d4000000, 0x00000006d4100000|  0%| F|  |TS 11|AC  0|TAMS 0x00000006d4000000, 0x00000006d4000000|
| 315|0x00000006d4100000, 0x00000006d4100000, 0x00000006d4200000|  0%| F|  |TS 11|AC  0|TAMS 0x00000006d4100000, 0x00000006d4100000|
| 316|0x00000006d4200000, 0x00000006d4200000, 0x00000006d4300000|  0%| F|  |TS 11|AC  0|TAMS 0x00000006d4200000, 0x00000006d4200000|
| 317|0x00000006d4300000, 0x00000006d4300000, 0x00000006d4400000|  0%| F|  |TS 11|AC  0|TAMS 0x00000006d4300000, 0x00000006d4300000|
| 318|0x00000006d4400000, 0x00000006d4400000, 0x00000006d4500000|  0%| F|  |TS 11|AC  0|TAMS 0x00000006d4400000, 0x00000006d4400000|
| 319|0x00000006d4500000, 0x00000006d4500000, 0x00000006d4600000|  0%| F|  |TS 11|AC  0|TAMS 0x00000006d4500000, 0x00000006d4500000|
| 320|0x00000006d4600000, 0x00000006d4600000, 0x00000006d4700000|  0%| F|  |TS 11|AC  0|TAMS 0x00000006d4600000, 0x00000006d4600000|
| 321|0x00000006d4700000, 0x00000006d4700000, 0x00000006d4800000|  0%| F|  |TS 11|AC  0|TAMS 0x00000006d4700000, 0x00000006d4700000|
| 322|0x00000006d4800000, 0x00000006d4800000, 0x00000006d4900000|  0%| F|  |TS 11|AC  0|TAMS 0x00000006d4800000, 0x00000006d4800000|
| 323|0x00000006d4900000, 0x00000006d4900000, 0x00000006d4a00000|  0%| F|  |TS 11|AC  0|TAMS 0x00000006d4900000, 0x00000006d4900000|
| 324|0x00000006d4a00000, 0x00000006d4a00000, 0x00000006d4b00000|  0%| F|  |TS 11|AC  0|TAMS 0x00000006d4a00000, 0x00000006d4a00000|
| 325|0x00000006d4b00000, 0x00000006d4b00000, 0x00000006d4c00000|  0%| F|  |TS 11|AC  0|TAMS 0x00000006d4b00000, 0x00000006d4b00000|
| 326|0x00000006d4c00000, 0x00000006d4c00000, 0x00000006d4d00000|  0%| F|  |TS 11|AC  0|TAMS 0x00000006d4c00000, 0x00000006d4c00000|
| 327|0x00000006d4d00000, 0x00000006d4d00000, 0x00000006d4e00000|  0%| F|  |TS 11|AC  0|TAMS 0x00000006d4d00000, 0x00000006d4d00000|
| 328|0x00000006d4e00000, 0x00000006d4e00000, 0x00000006d4f00000|  0%| F|  |TS 11|AC  0|TAMS 0x00000006d4e00000, 0x00000006d4e00000|
| 329|0x00000006d4f00000, 0x00000006d4f00000, 0x00000006d5000000|  0%| F|  |TS 11|AC  0|TAMS 0x00000006d4f00000, 0x00000006d4f00000|
| 330|0x00000006d5000000, 0x00000006d5000000, 0x00000006d5100000|  0%| F|  |TS 11|AC  0|TAMS 0x00000006d5000000, 0x00000006d5000000|
| 331|0x00000006d5100000, 0x00000006d5100000, 0x00000006d5200000|  0%| F|  |TS 11|AC  0|TAMS 0x00000006d5100000, 0x00000006d5100000|
| 332|0x00000006d5200000, 0x00000006d5200000, 0x00000006d5300000|  0%| F|  |TS 11|AC  0|TAMS 0x00000006d5200000, 0x00000006d5200000|
| 333|0x00000006d5300000, 0x00000006d5300000, 0x00000006d5400000|  0%| F|  |TS 11|AC  0|TAMS 0x00000006d5300000, 0x00000006d5300000|
| 334|0x00000006d5400000, 0x00000006d5400000, 0x00000006d5500000|  0%| F|  |TS 11|AC  0|TAMS 0x00000006d5400000, 0x00000006d5400000|
| 335|0x00000006d5500000, 0x00000006d5500000, 0x00000006d5600000|  0%| F|  |TS 11|AC  0|TAMS 0x00000006d5500000, 0x00000006d5500000|
| 336|0x00000006d5600000, 0x00000006d5600000, 0x00000006d5700000|  0%| F|  |TS 11|AC  0|TAMS 0x00000006d5600000, 0x00000006d5600000|
| 337|0x00000006d5700000, 0x00000006d5700000, 0x00000006d5800000|  0%| F|  |TS 11|AC  0|TAMS 0x00000006d5700000, 0x00000006d5700000|
| 338|0x00000006d5800000, 0x00000006d5800000, 0x00000006d5900000|  0%| F|  |TS 11|AC  0|TAMS 0x00000006d5800000, 0x00000006d5800000|
| 339|0x00000006d5900000, 0x00000006d5900000, 0x00000006d5a00000|  0%| F|  |TS 11|AC  0|TAMS 0x00000006d5900000, 0x00000006d5900000|
| 340|0x00000006d5a00000, 0x00000006d5a00000, 0x00000006d5b00000|  0%| F|  |TS 11|AC  0|TAMS 0x00000006d5a00000, 0x00000006d5a00000|
| 341|0x00000006d5b00000, 0x00000006d5b00000, 0x00000006d5c00000|  0%| F|  |TS 11|AC  0|TAMS 0x00000006d5b00000, 0x00000006d5b00000|
| 342|0x00000006d5c00000, 0x00000006d5c00000, 0x00000006d5d00000|  0%| F|  |TS 11|AC  0|TAMS 0x00000006d5c00000, 0x00000006d5c00000|

Card table byte_map: [0x0000020cce8f0000,0x0000020ccf0f0000] byte_map_base: 0x0000020ccb2ed000

Marking Bits (Prev, Next): (CMBitMap*) 0x0000020cd78e71c0, (CMBitMap*) 0x0000020cd78e71f8
 Prev Bits: [0x0000020ccf8f0000, 0x0000020cd38d8000)
 Next Bits: [0x0000020cd38e0000, 0x0000020cd78c8000)

Polling page: 0x0000020cb1b60000

CodeHeap 'non-profiled nmethods': size=120064Kb used=268Kb max_used=268Kb free=119795Kb
 bounds [0x0000020cc6bb0000, 0x0000020cc6e20000, 0x0000020cce0f0000]
CodeHeap 'profiled nmethods': size=120000Kb used=687Kb max_used=687Kb free=119312Kb
 bounds [0x0000020cbf680000, 0x0000020cbf8f0000, 0x0000020cc6bb0000]
CodeHeap 'non-nmethods': size=5696Kb used=1043Kb max_used=1066Kb free=4652Kb
 bounds [0x0000020cbf0f0000, 0x0000020cbf360000, 0x0000020cbf680000]
 total_blobs=980 nmethods=475 adapters=234
 compilation: enabled

Compilation events (10 events):
Event: 2.372 Thread 0x0000020cda81d800  475       4       java.nio.HeapCharBuffer::compact (52 bytes)
Event: 2.373 Thread 0x0000020cda81b000  476       4       java.util.Scanner::makeSpace (133 bytes)
Event: 2.374 Thread 0x0000020cda81d800 nmethod 475 0x0000020cc6bf1e10 code [0x0000020cc6bf1fc0, 0x0000020cc6bf21f8]
Event: 2.376 Thread 0x0000020cda81b000 nmethod 476 0x0000020cc6bf2410 code [0x0000020cc6bf25c0, 0x0000020cc6bf2a78]
Event: 2.389 Thread 0x0000020cda829800  477       3       java.util.Random::next (47 bytes)
Event: 2.389 Thread 0x0000020cda829800 nmethod 477 0x0000020cbf72aa90 code [0x0000020cbf72ac60, 0x0000020cbf72af38]
Event: 2.393 Thread 0x0000020cda829800  479       3       java.util.concurrent.atomic.AtomicLong::<init> (10 bytes)
Event: 2.393 Thread 0x0000020cda829800 nmethod 479 0x0000020cbf72b090 code [0x0000020cbf72b240, 0x0000020cbf72b478]
Event: 2.393 Thread 0x0000020cda829800  480       3       java.util.Random::<init> (12 bytes)
Event: 2.393 Thread 0x0000020cda829800 nmethod 480 0x0000020cbf72b590 code [0x0000020cbf72b780, 0x0000020cbf72bb30]

GC Heap History (10 events):
Event: 2.091 GC heap after
{Heap after GC invocations=6 (full 0):
 garbage-first heap   total 262144K, used 27481K [0x00000006c0600000, 0x00000007c0000000)
  region size 1024K, 14 young (14336K), 14 survivors (14336K)
 Metaspace       used 6347K, capacity 6447K, committed 6784K, reserved 1056768K
  class space    used 515K, capacity 550K, committed 640K, reserved 1048576K
}
Event: 2.122 GC heap before
{Heap before GC invocations=6 (full 0):
 garbage-first heap   total 262144K, used 170841K [0x00000006c0600000, 0x00000007c0000000)
  region size 1024K, 153 young (156672K), 14 survivors (14336K)
 Metaspace       used 6347K, capacity 6447K, committed 6784K, reserved 1056768K
  class space    used 515K, capacity 550K, committed 640K, reserved 1048576K
}
Event: 2.143 GC heap after
{Heap after GC invocations=7 (full 0):
 garbage-first heap   total 351232K, used 33722K [0x00000006c0600000, 0x00000007c0000000)
  region size 1024K, 15 young (15360K), 15 survivors (15360K)
 Metaspace       used 6347K, capacity 6447K, committed 6784K, reserved 1056768K
  class space    used 515K, capacity 550K, committed 640K, reserved 1048576K
}
Event: 2.220 GC heap before
{Heap before GC invocations=7 (full 0):
 garbage-first heap   total 351232K, used 229306K [0x00000006c0600000, 0x00000007c0000000)
  region size 1024K, 205 young (209920K), 15 survivors (15360K)
 Metaspace       used 6347K, capacity 6447K, committed 6784K, reserved 1056768K
  class space    used 515K, capacity 550K, committed 640K, reserved 1048576K
}
Event: 2.236 GC heap after
{Heap after GC invocations=8 (full 0):
 garbage-first heap   total 351232K, used 41087K [0x00000006c0600000, 0x00000007c0000000)
  region size 1024K, 16 young (16384K), 16 survivors (16384K)
 Metaspace       used 6347K, capacity 6447K, committed 6784K, reserved 1056768K
  class space    used 515K, capacity 550K, committed 640K, reserved 1048576K
}
Event: 2.280 GC heap before
{Heap before GC invocations=8 (full 0):
 garbage-first heap   total 351232K, used 236671K [0x00000006c0600000, 0x00000007c0000000)
  region size 1024K, 205 young (209920K), 16 survivors (16384K)
 Metaspace       used 6347K, capacity 6447K, committed 6784K, reserved 1056768K
  class space    used 515K, capacity 550K, committed 640K, reserved 1048576K
}
Event: 2.299 GC heap after
{Heap after GC invocations=9 (full 0):
 garbage-first heap   total 351232K, used 50084K [0x00000006c0600000, 0x00000007c0000000)
  region size 1024K, 18 young (18432K), 18 survivors (18432K)
 Metaspace       used 6347K, capacity 6447K, committed 6784K, reserved 1056768K
  class space    used 515K, capacity 550K, committed 640K, reserved 1048576K
}
Event: 2.343 GC heap before
{Heap before GC invocations=9 (full 0):
 garbage-first heap   total 351232K, used 242596K [0x00000006c0600000, 0x00000007c0000000)
  region size 1024K, 205 young (209920K), 18 survivors (18432K)
 Metaspace       used 6348K, capacity 6447K, committed 6784K, reserved 1056768K
  class space    used 515K, capacity 550K, committed 640K, reserved 1048576K
}
Event: 2.363 GC heap after
{Heap after GC invocations=10 (full 0):
 garbage-first heap   total 351232K, used 56832K [0x00000006c0600000, 0x00000007c0000000)
  region size 1024K, 19 young (19456K), 19 survivors (19456K)
 Metaspace       used 6348K, capacity 6447K, committed 6784K, reserved 1056768K
  class space    used 515K, capacity 550K, committed 640K, reserved 1048576K
}
Event: 2.410 GC heap before
{Heap before GC invocations=10 (full 0):
 garbage-first heap   total 351232K, used 248320K [0x00000006c0600000, 0x00000007c0000000)
  region size 1024K, 205 young (209920K), 19 survivors (19456K)
 Metaspace       used 6351K, capacity 6447K, committed 6784K, reserved 1056768K
  class space    used 515K, capacity 550K, committed 640K, reserved 1048576K
}

Deoptimization events (6 events):
Event: 0.094 Thread 0x0000020cb3d62000 Uncommon trap: reason=unstable_if action=reinterpret pc=0x0000020cc6bb42ec method=java.lang.String.hashCode()I @ 14 c2
Event: 1.757 Thread 0x0000020cb3d62000 Uncommon trap: reason=unstable_if action=reinterpret pc=0x0000020cc6bc2b58 method=java.util.regex.Matcher.search(I)Z @ 126 c2
Event: 1.803 Thread 0x0000020cb3d62000 Uncommon trap: reason=unstable_if action=reinterpret pc=0x0000020cc6bc691c method=java.util.regex.Pattern.lambda$DOT$5(I)Z @ 3 c2
Event: 1.803 Thread 0x0000020cb3d62000 Uncommon trap: reason=unstable_if action=reinterpret pc=0x0000020cc6bc1e94 method=java.util.regex.Pattern.lambda$DOT$5(I)Z @ 3 c2
Event: 1.959 Thread 0x0000020cb3d62000 Uncommon trap: reason=unstable_if action=reinterpret pc=0x0000020cc6bd3688 method=java.util.Scanner.findPatternInBuffer(Ljava/util/regex/Pattern;I)Z @ 88 c2
Event: 1.959 Thread 0x0000020cb3d62000 Uncommon trap: reason=unstable_if action=reinterpret pc=0x0000020cc6be41dc method=TextHockey.TeamMethods.loadData(Ljava/lang/String;)Ljava/util/ArrayList; @ 60 c2

Classes redefined (0 events):
No events

Internal exceptions (3 events):
Event: 0.129 Thread 0x0000020cb3d62000 Exception <a 'java/lang/NoSuchMethodError'{0x00000006d048b018}: java.lang.Object.lambda$negate$3(I)Z> (0x00000006d048b018) thrown at [t:/workspace/open/src/hotspot/share/interpreter/linkResolver.cpp, line 741]
Event: 0.130 Thread 0x0000020cb3d62000 Exception <a 'java/lang/NoSuchMethodError'{0x00000006d048e338}: java.lang.Object.lambda$and$0(Ljava/util/regex/Pattern$CharPredicate;I)Z> (0x00000006d048e338) thrown at [t:/workspace/open/src/hotspot/share/interpreter/linkResolver.cpp, line 741]
Event: 1.720 Thread 0x0000020cb3d62000 Exception <a 'java/lang/NoSuchMethodError'{0x00000006d04eecb8}: java.lang.Object.lambda$union$2(Ljava/util/regex/Pattern$CharPredicate;I)Z> (0x00000006d04eecb8) thrown at [t:/workspace/open/src/hotspot/share/interpreter/linkResolver.cpp, line 741]

Events (10 events):
Event: 2.091 Executing VM operation: G1IncCollectionPause done
Event: 2.122 Executing VM operation: G1IncCollectionPause
Event: 2.143 Executing VM operation: G1IncCollectionPause done
Event: 2.220 Executing VM operation: G1IncCollectionPause
Event: 2.236 Executing VM operation: G1IncCollectionPause done
Event: 2.280 Executing VM operation: G1IncCollectionPause
Event: 2.299 Executing VM operation: G1IncCollectionPause done
Event: 2.343 Executing VM operation: G1IncCollectionPause
Event: 2.363 Executing VM operation: G1IncCollectionPause done
Event: 2.410 Executing VM operation: G1IncCollectionPause


Dynamic libraries:
0x00007ff77c360000 - 0x00007ff77c39e000 	C:\eclipseOxygen10\jdk-10.0.1\bin\javaw.exe
0x00007ffa1f200000 - 0x00007ffa1f3f0000 	C:\WINDOWS\SYSTEM32\ntdll.dll
0x00007ffa1e4e0000 - 0x00007ffa1e592000 	C:\WINDOWS\System32\KERNEL32.DLL
0x00007ffa1c190000 - 0x00007ffa1c435000 	C:\WINDOWS\System32\KERNELBASE.dll
0x00007ffa1e750000 - 0x00007ffa1e7f3000 	C:\WINDOWS\System32\ADVAPI32.dll
0x00007ffa1e8b0000 - 0x00007ffa1e94e000 	C:\WINDOWS\System32\msvcrt.dll
0x00007ffa1eae0000 - 0x00007ffa1eb77000 	C:\WINDOWS\System32\sechost.dll
0x00007ffa1e3b0000 - 0x00007ffa1e4d0000 	C:\WINDOWS\System32\RPCRT4.dll
0x00007ffa1e1e0000 - 0x00007ffa1e374000 	C:\WINDOWS\System32\USER32.dll
0x00007ffa1d200000 - 0x00007ffa1d221000 	C:\WINDOWS\System32\win32u.dll
0x00007ffa1e380000 - 0x00007ffa1e3a6000 	C:\WINDOWS\System32\GDI32.dll
0x00007ffa1c4a0000 - 0x00007ffa1c636000 	C:\WINDOWS\System32\gdi32full.dll
0x00007ffa1c640000 - 0x00007ffa1c6de000 	C:\WINDOWS\System32\msvcp_win.dll
0x00007ffa1d100000 - 0x00007ffa1d1fa000 	C:\WINDOWS\System32\ucrtbase.dll
0x00007ffa10240000 - 0x00007ffa104c4000 	C:\WINDOWS\WinSxS\amd64_microsoft.windows.common-controls_6595b64144ccf1df_6.0.18362.1139_none_9e7bf2d3e4605ac6\COMCTL32.dll
0x00007ffa17200000 - 0x00007ffa1720a000 	C:\WINDOWS\SYSTEM32\VERSION.dll
0x00007ffa1ebe0000 - 0x00007ffa1ef15000 	C:\WINDOWS\System32\combase.dll
0x00007ffa1d230000 - 0x00007ffa1d2b0000 	C:\WINDOWS\System32\bcryptPrimitives.dll
0x00007ffa1eaa0000 - 0x00007ffa1eace000 	C:\WINDOWS\System32\IMM32.DLL
0x00007ff9f61d0000 - 0x00007ff9f62bf000 	C:\eclipseOxygen10\jdk-10.0.1\bin\msvcr120.dll
0x00007ff9f5f40000 - 0x00007ff9f5fe6000 	C:\eclipseOxygen10\jdk-10.0.1\bin\msvcp120.dll
0x000000005da70000 - 0x000000005e4e0000 	C:\eclipseOxygen10\jdk-10.0.1\bin\server\jvm.dll
0x00007ffa1f130000 - 0x00007ffa1f138000 	C:\WINDOWS\System32\PSAPI.DLL
0x00007ffa1a230000 - 0x00007ffa1a239000 	C:\WINDOWS\SYSTEM32\WSOCK32.dll
0x00007ffa1a070000 - 0x00007ffa1a094000 	C:\WINDOWS\SYSTEM32\WINMM.dll
0x00007ffa1ef20000 - 0x00007ffa1ef8f000 	C:\WINDOWS\System32\WS2_32.dll
0x00007ffa1a040000 - 0x00007ffa1a06d000 	C:\WINDOWS\SYSTEM32\WINMMBASE.dll
0x00007ffa1c6e0000 - 0x00007ffa1c72a000 	C:\WINDOWS\System32\cfgmgr32.dll
0x00007ffa14280000 - 0x00007ffa1428f000 	C:\eclipseOxygen10\jdk-10.0.1\bin\verify.dll
0x00007ffa0b340000 - 0x00007ffa0b534000 	C:\WINDOWS\SYSTEM32\DBGHELP.DLL
0x00007ffa0b150000 - 0x00007ffa0b17a000 	C:\WINDOWS\SYSTEM32\dbgcore.DLL
0x00007ffa129c0000 - 0x00007ffa129e7000 	C:\eclipseOxygen10\jdk-10.0.1\bin\java.dll
0x00007ffa11670000 - 0x00007ffa11686000 	C:\eclipseOxygen10\jdk-10.0.1\bin\zip.dll
0x00007ffa13320000 - 0x00007ffa1332a000 	C:\eclipseOxygen10\jdk-10.0.1\bin\jimage.dll
0x00007ffa1daf0000 - 0x00007ffa1e1d7000 	C:\WINDOWS\System32\SHELL32.dll
0x00007ffa1d380000 - 0x00007ffa1d429000 	C:\WINDOWS\System32\shcore.dll
0x00007ffa1c730000 - 0x00007ffa1ceb0000 	C:\WINDOWS\System32\windows.storage.dll
0x00007ffa1c160000 - 0x00007ffa1c183000 	C:\WINDOWS\System32\profapi.dll
0x00007ffa1c0f0000 - 0x00007ffa1c13a000 	C:\WINDOWS\System32\powrprof.dll
0x00007ffa1c0c0000 - 0x00007ffa1c0d0000 	C:\WINDOWS\System32\UMPDC.dll
0x00007ffa1d5b0000 - 0x00007ffa1d602000 	C:\WINDOWS\System32\shlwapi.dll
0x00007ffa1c0d0000 - 0x00007ffa1c0e1000 	C:\WINDOWS\System32\kernel.appcore.dll
0x00007ffa1d0e0000 - 0x00007ffa1d0f7000 	C:\WINDOWS\System32\cryptsp.dll
0x00007ffa114c0000 - 0x00007ffa114da000 	C:\eclipseOxygen10\jdk-10.0.1\bin\net.dll
0x00007ffa10c70000 - 0x00007ffa10d60000 	C:\WINDOWS\SYSTEM32\WINHTTP.dll
0x00007ffa1b910000 - 0x00007ffa1b977000 	C:\WINDOWS\system32\mswsock.dll
0x00007ffa10220000 - 0x00007ffa10231000 	C:\eclipseOxygen10\jdk-10.0.1\bin\nio.dll

dbghelp: loaded successfully - version: 4.0.5 - missing functions: none
symbol engine: initialized successfully - sym options: 0x614 - pdb path: .;C:\eclipseOxygen10\jdk-10.0.1\bin;C:\WINDOWS\SYSTEM32;C:\WINDOWS\WinSxS\amd64_microsoft.windows.common-controls_6595b64144ccf1df_6.0.18362.1139_none_9e7bf2d3e4605ac6;C:\eclipseOxygen10\jdk-10.0.1\bin\server

VM Arguments:
jvm_args: -Dfile.encoding=Cp1252 
java_command: TextHockey.TextHockeyDriver
java_class_path (initial): C:\eclipseOxygen10\workspace\TextHockey
Launcher Type: SUN_STANDARD

Logging:
Log output configuration:
#0: stdout all=warning uptime,level,tags
#1: stderr all=off uptime,level,tags

Environment Variables:
PATH=C:/Program Files/Java/jdk-13.0.2/bin/server;C:/Program Files/Java/jdk-13.0.2/bin;C:\WINDOWS\system32;C:\WINDOWS;C:\WINDOWS\System32\Wbem;C:\WINDOWS\System32\WindowsPowerShell\v1.0\;C:\WINDOWS\System32\OpenSSH\;C:\Program Files\NVIDIA Corporation\NVIDIA NvDLISR;C:\Program Files (x86)\NVIDIA Corporation\PhysX\Common;C:\Program Files\Git\cmd;C:\WINDOWS\system32;C:\WINDOWS;C:\WINDOWS\System32\Wbem;C:\WINDOWS\System32\WindowsPowerShell\v1.0\;C:\WINDOWS\System32\OpenSSH\;C:\Users\Ben\AppData\Local\Programs\Python\Python38-32\Scripts;E:\putty\;C:\Users\Ben\AppData\Local\Microsoft\WindowsApps;;C:\WINDOWS\System32;
USERNAME=Ben
OS=Windows_NT
PROCESSOR_IDENTIFIER=Intel64 Family 6 Model 158 Stepping 9, GenuineIntel



---------------  S Y S T E M  ---------------

OS: Windows 10 , 64 bit Build 18362 (10.0.18362.1110)

CPU:total 4 (initial active 4) (4 cores per cpu, 1 threads per core) family 6 model 158 stepping 9, cmov, cx8, fxsr, mmx, sse, sse2, sse3, ssse3, sse4.1, sse4.2, popcnt, avx, avx2, aes, clmul, erms, 3dnowpref, lzcnt, tsc, tscinvbit, bmi1, bmi2, adx, fma

Memory: 4k page, physical 16744704k(2301308k free), swap 31318140k(89248k free)

vm_info: Java HotSpot(TM) 64-Bit Server VM (10.0.1+10) for windows-amd64 JRE (10.0.1+10), built on Mar 27 2018 02:27:48 by "mach5one" with MS VC++ 12.0 (VS2013)

END.
